

Microchip MPLAB XC8 Assembler V2.41 build 20230208172133 
                                                                                               Sat Jul 15 19:31:07 2023

Microchip MPLAB XC8 C Compiler v2.41 (Free license) build 20230208172133 Og1 
     1                           	processor	16F18854
     2                           	pagewidth 120
     3                           	opt	flic
     4                           	psect	cinit,global,class=CODE,merge=1,delta=2
     5                           	psect	cstackCOMMON,global,class=COMMON,space=1,delta=1,noexec
     6                           	psect	maintext,global,class=CODE,merge=1,split=1,delta=2
     7                           	psect	intentry,global,class=CODE,delta=2
     8                           	dabs	1,0x7E,2
     9     0000                     
    10                           ; Generated 21/06/2023 GMT
    11                           ; 
    12                           ; Copyright © 2023, Microchip Technology Inc. and its subsidiaries ("Microchip")
    13                           ; All rights reserved.
    14                           ; 
    15                           ; This software is developed by Microchip Technology Inc. and its subsidiaries ("Microch
      +                          ip").
    16                           ; 
    17                           ; Redistribution and use in source and binary forms, with or without modification, are
    18                           ; permitted provided that the following conditions are met:
    19                           ; 
    20                           ;     1. Redistributions of source code must retain the above copyright notice, this lis
      +                          t of
    21                           ;        conditions and the following disclaimer.
    22                           ; 
    23                           ;     2. Redistributions in binary form must reproduce the above copyright notice, this 
      +                          list
    24                           ;        of conditions and the following disclaimer in the documentation and/or other
    25                           ;        materials provided with the distribution. Publication is not required when
    26                           ;        this file is used in an embedded application.
    27                           ; 
    28                           ;     3. Microchip's name may not be used to endorse or promote products derived from th
      +                          is
    29                           ;        software without specific prior written permission.
    30                           ; 
    31                           ; THIS SOFTWARE IS PROVIDED BY MICROCHIP "AS IS" AND ANY EXPRESS OR IMPLIED WARRANTIES,
    32                           ; INCLUDING, BUT NOT LIMITED TO, THE IMPLIED WARRANTIES OF MERCHANTABILITY AND FITNESS F
      +                          OR
    33                           ; PURPOSE ARE DISCLAIMED.  IN NO EVENT SHALL MICROCHIP BE LIABLE FOR ANY DIRECT, INDIREC
      +                          T,
    34                           ; INCIDENTAL, SPECIAL, EXEMPLARY, OR CONSEQUENTIAL DAMAGES (INCLUDING BUT NOT LIMITED TO
    35                           ; PROCUREMENT OF SUBSTITUTE GOODS OR SERVICES; LOSS OF USE, DATA OR PROFITS; OR BUSINESS
    36                           ; INTERRUPTION) HOWSOEVER CAUSED AND ON ANY THEORY OF LIABILITY, WHETHER IN CONTRACT, ST
      +                          RICT
    37                           ; LIABILITY, OR TORT (INCLUDING NEGLIGENCE OR OTHERWISE) ARISING IN ANY WAY OUT OF THE U
      +                          SE OF
    38                           ; THIS SOFTWARE, EVEN IF ADVISED OF THE POSSIBILITY OF SUCH DAMAGE.
    39                           ; 
    40                           ; 
    41                           ; Code-generator required, PIC16F18854 Definitions
    42                           ; 
    43                           ; SFR Addresses
    44     0000                     	;# 
    45     0001                     	;# 
    46     0002                     	;# 
    47     0003                     	;# 
    48     0004                     	;# 
    49     0005                     	;# 
    50     0006                     	;# 
    51     0007                     	;# 
    52     0008                     	;# 
    53     0009                     	;# 
    54     000A                     	;# 
    55     000B                     	;# 
    56     000C                     	;# 
    57     000D                     	;# 
    58     000E                     	;# 
    59     0010                     	;# 
    60     0011                     	;# 
    61     0012                     	;# 
    62     0013                     	;# 
    63     0016                     	;# 
    64     0017                     	;# 
    65     0018                     	;# 
    66     001C                     	;# 
    67     001C                     	;# 
    68     001D                     	;# 
    69     001D                     	;# 
    70     001E                     	;# 
    71     001F                     	;# 
    72     008C                     	;# 
    73     008C                     	;# 
    74     008D                     	;# 
    75     008E                     	;# 
    76     008E                     	;# 
    77     008F                     	;# 
    78     0090                     	;# 
    79     0090                     	;# 
    80     0091                     	;# 
    81     0093                     	;# 
    82     0094                     	;# 
    83     0095                     	;# 
    84     0096                     	;# 
    85     0097                     	;# 
    86     0098                     	;# 
    87     0099                     	;# 
    88     009A                     	;# 
    89     009B                     	;# 
    90     009C                     	;# 
    91     009D                     	;# 
    92     009E                     	;# 
    93     010C                     	;# 
    94     010D                     	;# 
    95     010E                     	;# 
    96     010E                     	;# 
    97     010F                     	;# 
    98     0110                     	;# 
    99     0110                     	;# 
   100     0111                     	;# 
   101     0112                     	;# 
   102     0112                     	;# 
   103     0113                     	;# 
   104     0114                     	;# 
   105     0114                     	;# 
   106     0115                     	;# 
   107     0116                     	;# 
   108     0116                     	;# 
   109     0117                     	;# 
   110     0119                     	;# 
   111     0119                     	;# 
   112     0119                     	;# 
   113     011A                     	;# 
   114     011A                     	;# 
   115     011A                     	;# 
   116     011B                     	;# 
   117     011B                     	;# 
   118     011B                     	;# 
   119     011B                     	;# 
   120     011B                     	;# 
   121     011C                     	;# 
   122     011C                     	;# 
   123     011C                     	;# 
   124     011D                     	;# 
   125     011D                     	;# 
   126     011D                     	;# 
   127     011E                     	;# 
   128     011E                     	;# 
   129     011E                     	;# 
   130     011F                     	;# 
   131     011F                     	;# 
   132     011F                     	;# 
   133     011F                     	;# 
   134     011F                     	;# 
   135     018C                     	;# 
   136     018D                     	;# 
   137     018E                     	;# 
   138     018F                     	;# 
   139     0190                     	;# 
   140     0191                     	;# 
   141     0192                     	;# 
   142     0196                     	;# 
   143     0197                     	;# 
   144     0198                     	;# 
   145     0199                     	;# 
   146     019A                     	;# 
   147     019B                     	;# 
   148     019C                     	;# 
   149     020C                     	;# 
   150     020C                     	;# 
   151     020D                     	;# 
   152     020E                     	;# 
   153     020F                     	;# 
   154     020F                     	;# 
   155     0210                     	;# 
   156     0210                     	;# 
   157     0211                     	;# 
   158     0211                     	;# 
   159     0212                     	;# 
   160     0212                     	;# 
   161     0213                     	;# 
   162     0214                     	;# 
   163     0215                     	;# 
   164     0215                     	;# 
   165     0216                     	;# 
   166     0216                     	;# 
   167     0217                     	;# 
   168     0217                     	;# 
   169     0218                     	;# 
   170     0218                     	;# 
   171     0219                     	;# 
   172     021A                     	;# 
   173     021B                     	;# 
   174     021B                     	;# 
   175     021C                     	;# 
   176     021C                     	;# 
   177     021D                     	;# 
   178     021D                     	;# 
   179     021E                     	;# 
   180     021F                     	;# 
   181     028C                     	;# 
   182     028C                     	;# 
   183     028D                     	;# 
   184     028D                     	;# 
   185     028E                     	;# 
   186     028F                     	;# 
   187     0290                     	;# 
   188     0290                     	;# 
   189     0291                     	;# 
   190     0292                     	;# 
   191     0292                     	;# 
   192     0293                     	;# 
   193     0293                     	;# 
   194     0294                     	;# 
   195     0295                     	;# 
   196     0296                     	;# 
   197     0296                     	;# 
   198     0297                     	;# 
   199     0298                     	;# 
   200     0298                     	;# 
   201     0299                     	;# 
   202     0299                     	;# 
   203     029A                     	;# 
   204     029B                     	;# 
   205     029C                     	;# 
   206     029C                     	;# 
   207     029D                     	;# 
   208     030C                     	;# 
   209     030C                     	;# 
   210     030D                     	;# 
   211     030E                     	;# 
   212     030F                     	;# 
   213     0310                     	;# 
   214     0310                     	;# 
   215     0311                     	;# 
   216     0312                     	;# 
   217     0313                     	;# 
   218     0314                     	;# 
   219     0314                     	;# 
   220     0315                     	;# 
   221     0316                     	;# 
   222     0317                     	;# 
   223     0318                     	;# 
   224     0318                     	;# 
   225     0319                     	;# 
   226     031A                     	;# 
   227     031B                     	;# 
   228     031C                     	;# 
   229     031C                     	;# 
   230     031D                     	;# 
   231     031E                     	;# 
   232     031F                     	;# 
   233     038C                     	;# 
   234     038C                     	;# 
   235     038D                     	;# 
   236     038E                     	;# 
   237     0390                     	;# 
   238     0390                     	;# 
   239     0391                     	;# 
   240     0392                     	;# 
   241     040C                     	;# 
   242     040D                     	;# 
   243     040E                     	;# 
   244     040F                     	;# 
   245     0410                     	;# 
   246     0411                     	;# 
   247     0416                     	;# 
   248     0416                     	;# 
   249     0417                     	;# 
   250     0418                     	;# 
   251     0418                     	;# 
   252     0419                     	;# 
   253     041A                     	;# 
   254     041A                     	;# 
   255     041B                     	;# 
   256     041C                     	;# 
   257     041C                     	;# 
   258     041D                     	;# 
   259     041E                     	;# 
   260     041F                     	;# 
   261     048C                     	;# 
   262     048C                     	;# 
   263     048D                     	;# 
   264     048E                     	;# 
   265     048F                     	;# 
   266     048F                     	;# 
   267     0490                     	;# 
   268     0491                     	;# 
   269     0492                     	;# 
   270     0492                     	;# 
   271     0493                     	;# 
   272     0494                     	;# 
   273     0495                     	;# 
   274     0495                     	;# 
   275     0496                     	;# 
   276     0497                     	;# 
   277     0498                     	;# 
   278     0499                     	;# 
   279     049A                     	;# 
   280     049B                     	;# 
   281     049C                     	;# 
   282     049D                     	;# 
   283     050C                     	;# 
   284     050C                     	;# 
   285     050D                     	;# 
   286     050E                     	;# 
   287     050F                     	;# 
   288     050F                     	;# 
   289     0510                     	;# 
   290     0511                     	;# 
   291     0512                     	;# 
   292     0512                     	;# 
   293     0513                     	;# 
   294     0514                     	;# 
   295     0515                     	;# 
   296     0515                     	;# 
   297     0516                     	;# 
   298     0517                     	;# 
   299     0518                     	;# 
   300     0519                     	;# 
   301     051A                     	;# 
   302     051B                     	;# 
   303     051C                     	;# 
   304     051D                     	;# 
   305     058C                     	;# 
   306     058C                     	;# 
   307     058D                     	;# 
   308     058E                     	;# 
   309     058F                     	;# 
   310     058F                     	;# 
   311     0590                     	;# 
   312     0591                     	;# 
   313     0592                     	;# 
   314     0593                     	;# 
   315     060C                     	;# 
   316     060D                     	;# 
   317     060E                     	;# 
   318     060F                     	;# 
   319     0610                     	;# 
   320     0611                     	;# 
   321     0612                     	;# 
   322     0613                     	;# 
   323     0614                     	;# 
   324     0616                     	;# 
   325     0617                     	;# 
   326     0618                     	;# 
   327     0619                     	;# 
   328     061A                     	;# 
   329     061B                     	;# 
   330     061C                     	;# 
   331     061D                     	;# 
   332     061E                     	;# 
   333     068C                     	;# 
   334     068D                     	;# 
   335     068E                     	;# 
   336     068F                     	;# 
   337     0690                     	;# 
   338     0691                     	;# 
   339     0692                     	;# 
   340     0693                     	;# 
   341     0694                     	;# 
   342     070C                     	;# 
   343     070D                     	;# 
   344     070E                     	;# 
   345     070F                     	;# 
   346     0710                     	;# 
   347     0711                     	;# 
   348     0712                     	;# 
   349     0713                     	;# 
   350     0714                     	;# 
   351     0716                     	;# 
   352     0717                     	;# 
   353     0718                     	;# 
   354     0719                     	;# 
   355     071A                     	;# 
   356     071B                     	;# 
   357     071C                     	;# 
   358     071D                     	;# 
   359     071E                     	;# 
   360     0796                     	;# 
   361     0797                     	;# 
   362     0798                     	;# 
   363     0799                     	;# 
   364     079A                     	;# 
   365     079B                     	;# 
   366     080C                     	;# 
   367     080D                     	;# 
   368     080E                     	;# 
   369     080F                     	;# 
   370     0810                     	;# 
   371     0811                     	;# 
   372     0812                     	;# 
   373     0813                     	;# 
   374     0814                     	;# 
   375     081A                     	;# 
   376     081B                     	;# 
   377     081C                     	;# 
   378     081D                     	;# 
   379     081E                     	;# 
   380     081F                     	;# 
   381     088C                     	;# 
   382     088D                     	;# 
   383     088E                     	;# 
   384     088F                     	;# 
   385     0890                     	;# 
   386     0891                     	;# 
   387     0892                     	;# 
   388     0893                     	;# 
   389     0895                     	;# 
   390     0896                     	;# 
   391     0897                     	;# 
   392     0898                     	;# 
   393     0899                     	;# 
   394     089A                     	;# 
   395     089B                     	;# 
   396     090C                     	;# 
   397     090E                     	;# 
   398     090F                     	;# 
   399     091F                     	;# 
   400     098F                     	;# 
   401     098F                     	;# 
   402     0990                     	;# 
   403     0991                     	;# 
   404     0992                     	;# 
   405     0993                     	;# 
   406     0994                     	;# 
   407     0995                     	;# 
   408     0996                     	;# 
   409     0997                     	;# 
   410     0E0F                     	;# 
   411     0E10                     	;# 
   412     0E11                     	;# 
   413     0E12                     	;# 
   414     0E13                     	;# 
   415     0E14                     	;# 
   416     0E15                     	;# 
   417     0E16                     	;# 
   418     0E17                     	;# 
   419     0E18                     	;# 
   420     0E19                     	;# 
   421     0E1A                     	;# 
   422     0E1B                     	;# 
   423     0E1C                     	;# 
   424     0E1D                     	;# 
   425     0E1E                     	;# 
   426     0E1F                     	;# 
   427     0E20                     	;# 
   428     0E21                     	;# 
   429     0E22                     	;# 
   430     0E23                     	;# 
   431     0E24                     	;# 
   432     0E25                     	;# 
   433     0E26                     	;# 
   434     0E27                     	;# 
   435     0E28                     	;# 
   436     0E29                     	;# 
   437     0E2A                     	;# 
   438     0E2B                     	;# 
   439     0E2C                     	;# 
   440     0E2D                     	;# 
   441     0E2E                     	;# 
   442     0E2F                     	;# 
   443     0E30                     	;# 
   444     0E31                     	;# 
   445     0E32                     	;# 
   446     0E33                     	;# 
   447     0E34                     	;# 
   448     0E35                     	;# 
   449     0E36                     	;# 
   450     0E37                     	;# 
   451     0E8F                     	;# 
   452     0E90                     	;# 
   453     0E91                     	;# 
   454     0E92                     	;# 
   455     0E93                     	;# 
   456     0E94                     	;# 
   457     0E95                     	;# 
   458     0E96                     	;# 
   459     0E97                     	;# 
   460     0E9C                     	;# 
   461     0E9D                     	;# 
   462     0E9E                     	;# 
   463     0EA1                     	;# 
   464     0EA2                     	;# 
   465     0EA3                     	;# 
   466     0EA4                     	;# 
   467     0EA5                     	;# 
   468     0EA9                     	;# 
   469     0EAA                     	;# 
   470     0EAB                     	;# 
   471     0EAC                     	;# 
   472     0EB1                     	;# 
   473     0EB2                     	;# 
   474     0EB3                     	;# 
   475     0EB8                     	;# 
   476     0EB9                     	;# 
   477     0EBA                     	;# 
   478     0EBB                     	;# 
   479     0EBC                     	;# 
   480     0EBD                     	;# 
   481     0EBE                     	;# 
   482     0EC3                     	;# 
   483     0EC5                     	;# 
   484     0EC6                     	;# 
   485     0EC7                     	;# 
   486     0EC8                     	;# 
   487     0EC9                     	;# 
   488     0ECA                     	;# 
   489     0ECB                     	;# 
   490     0ECC                     	;# 
   491     0F10                     	;# 
   492     0F11                     	;# 
   493     0F12                     	;# 
   494     0F13                     	;# 
   495     0F14                     	;# 
   496     0F15                     	;# 
   497     0F16                     	;# 
   498     0F17                     	;# 
   499     0F18                     	;# 
   500     0F19                     	;# 
   501     0F1A                     	;# 
   502     0F1B                     	;# 
   503     0F1C                     	;# 
   504     0F1D                     	;# 
   505     0F1E                     	;# 
   506     0F1F                     	;# 
   507     0F20                     	;# 
   508     0F21                     	;# 
   509     0F22                     	;# 
   510     0F23                     	;# 
   511     0F24                     	;# 
   512     0F25                     	;# 
   513     0F26                     	;# 
   514     0F27                     	;# 
   515     0F38                     	;# 
   516     0F39                     	;# 
   517     0F3A                     	;# 
   518     0F3B                     	;# 
   519     0F3C                     	;# 
   520     0F3D                     	;# 
   521     0F3E                     	;# 
   522     0F3F                     	;# 
   523     0F40                     	;# 
   524     0F41                     	;# 
   525     0F43                     	;# 
   526     0F44                     	;# 
   527     0F45                     	;# 
   528     0F46                     	;# 
   529     0F47                     	;# 
   530     0F48                     	;# 
   531     0F49                     	;# 
   532     0F4A                     	;# 
   533     0F4B                     	;# 
   534     0F4C                     	;# 
   535     0F4E                     	;# 
   536     0F4F                     	;# 
   537     0F50                     	;# 
   538     0F51                     	;# 
   539     0F52                     	;# 
   540     0F53                     	;# 
   541     0F54                     	;# 
   542     0F55                     	;# 
   543     0F56                     	;# 
   544     0F57                     	;# 
   545     0F65                     	;# 
   546     0F68                     	;# 
   547     0F69                     	;# 
   548     0F6A                     	;# 
   549     0F6B                     	;# 
   550     0FE4                     	;# 
   551     0FE5                     	;# 
   552     0FE6                     	;# 
   553     0FE7                     	;# 
   554     0FE8                     	;# 
   555     0FE9                     	;# 
   556     0FEA                     	;# 
   557     0FEB                     	;# 
   558     0FED                     	;# 
   559     0FEE                     	;# 
   560     0FEF                     	;# 
   561     0000                     	;# 
   562     0001                     	;# 
   563     0002                     	;# 
   564     0003                     	;# 
   565     0004                     	;# 
   566     0005                     	;# 
   567     0006                     	;# 
   568     0007                     	;# 
   569     0008                     	;# 
   570     0009                     	;# 
   571     000A                     	;# 
   572     000B                     	;# 
   573     000C                     	;# 
   574     000D                     	;# 
   575     000E                     	;# 
   576     0010                     	;# 
   577     0011                     	;# 
   578     0012                     	;# 
   579     0013                     	;# 
   580     0016                     	;# 
   581     0017                     	;# 
   582     0018                     	;# 
   583     001C                     	;# 
   584     001C                     	;# 
   585     001D                     	;# 
   586     001D                     	;# 
   587     001E                     	;# 
   588     001F                     	;# 
   589     008C                     	;# 
   590     008C                     	;# 
   591     008D                     	;# 
   592     008E                     	;# 
   593     008E                     	;# 
   594     008F                     	;# 
   595     0090                     	;# 
   596     0090                     	;# 
   597     0091                     	;# 
   598     0093                     	;# 
   599     0094                     	;# 
   600     0095                     	;# 
   601     0096                     	;# 
   602     0097                     	;# 
   603     0098                     	;# 
   604     0099                     	;# 
   605     009A                     	;# 
   606     009B                     	;# 
   607     009C                     	;# 
   608     009D                     	;# 
   609     009E                     	;# 
   610     010C                     	;# 
   611     010D                     	;# 
   612     010E                     	;# 
   613     010E                     	;# 
   614     010F                     	;# 
   615     0110                     	;# 
   616     0110                     	;# 
   617     0111                     	;# 
   618     0112                     	;# 
   619     0112                     	;# 
   620     0113                     	;# 
   621     0114                     	;# 
   622     0114                     	;# 
   623     0115                     	;# 
   624     0116                     	;# 
   625     0116                     	;# 
   626     0117                     	;# 
   627     0119                     	;# 
   628     0119                     	;# 
   629     0119                     	;# 
   630     011A                     	;# 
   631     011A                     	;# 
   632     011A                     	;# 
   633     011B                     	;# 
   634     011B                     	;# 
   635     011B                     	;# 
   636     011B                     	;# 
   637     011B                     	;# 
   638     011C                     	;# 
   639     011C                     	;# 
   640     011C                     	;# 
   641     011D                     	;# 
   642     011D                     	;# 
   643     011D                     	;# 
   644     011E                     	;# 
   645     011E                     	;# 
   646     011E                     	;# 
   647     011F                     	;# 
   648     011F                     	;# 
   649     011F                     	;# 
   650     011F                     	;# 
   651     011F                     	;# 
   652     018C                     	;# 
   653     018D                     	;# 
   654     018E                     	;# 
   655     018F                     	;# 
   656     0190                     	;# 
   657     0191                     	;# 
   658     0192                     	;# 
   659     0196                     	;# 
   660     0197                     	;# 
   661     0198                     	;# 
   662     0199                     	;# 
   663     019A                     	;# 
   664     019B                     	;# 
   665     019C                     	;# 
   666     020C                     	;# 
   667     020C                     	;# 
   668     020D                     	;# 
   669     020E                     	;# 
   670     020F                     	;# 
   671     020F                     	;# 
   672     0210                     	;# 
   673     0210                     	;# 
   674     0211                     	;# 
   675     0211                     	;# 
   676     0212                     	;# 
   677     0212                     	;# 
   678     0213                     	;# 
   679     0214                     	;# 
   680     0215                     	;# 
   681     0215                     	;# 
   682     0216                     	;# 
   683     0216                     	;# 
   684     0217                     	;# 
   685     0217                     	;# 
   686     0218                     	;# 
   687     0218                     	;# 
   688     0219                     	;# 
   689     021A                     	;# 
   690     021B                     	;# 
   691     021B                     	;# 
   692     021C                     	;# 
   693     021C                     	;# 
   694     021D                     	;# 
   695     021D                     	;# 
   696     021E                     	;# 
   697     021F                     	;# 
   698     028C                     	;# 
   699     028C                     	;# 
   700     028D                     	;# 
   701     028D                     	;# 
   702     028E                     	;# 
   703     028F                     	;# 
   704     0290                     	;# 
   705     0290                     	;# 
   706     0291                     	;# 
   707     0292                     	;# 
   708     0292                     	;# 
   709     0293                     	;# 
   710     0293                     	;# 
   711     0294                     	;# 
   712     0295                     	;# 
   713     0296                     	;# 
   714     0296                     	;# 
   715     0297                     	;# 
   716     0298                     	;# 
   717     0298                     	;# 
   718     0299                     	;# 
   719     0299                     	;# 
   720     029A                     	;# 
   721     029B                     	;# 
   722     029C                     	;# 
   723     029C                     	;# 
   724     029D                     	;# 
   725     030C                     	;# 
   726     030C                     	;# 
   727     030D                     	;# 
   728     030E                     	;# 
   729     030F                     	;# 
   730     0310                     	;# 
   731     0310                     	;# 
   732     0311                     	;# 
   733     0312                     	;# 
   734     0313                     	;# 
   735     0314                     	;# 
   736     0314                     	;# 
   737     0315                     	;# 
   738     0316                     	;# 
   739     0317                     	;# 
   740     0318                     	;# 
   741     0318                     	;# 
   742     0319                     	;# 
   743     031A                     	;# 
   744     031B                     	;# 
   745     031C                     	;# 
   746     031C                     	;# 
   747     031D                     	;# 
   748     031E                     	;# 
   749     031F                     	;# 
   750     038C                     	;# 
   751     038C                     	;# 
   752     038D                     	;# 
   753     038E                     	;# 
   754     0390                     	;# 
   755     0390                     	;# 
   756     0391                     	;# 
   757     0392                     	;# 
   758     040C                     	;# 
   759     040D                     	;# 
   760     040E                     	;# 
   761     040F                     	;# 
   762     0410                     	;# 
   763     0411                     	;# 
   764     0416                     	;# 
   765     0416                     	;# 
   766     0417                     	;# 
   767     0418                     	;# 
   768     0418                     	;# 
   769     0419                     	;# 
   770     041A                     	;# 
   771     041A                     	;# 
   772     041B                     	;# 
   773     041C                     	;# 
   774     041C                     	;# 
   775     041D                     	;# 
   776     041E                     	;# 
   777     041F                     	;# 
   778     048C                     	;# 
   779     048C                     	;# 
   780     048D                     	;# 
   781     048E                     	;# 
   782     048F                     	;# 
   783     048F                     	;# 
   784     0490                     	;# 
   785     0491                     	;# 
   786     0492                     	;# 
   787     0492                     	;# 
   788     0493                     	;# 
   789     0494                     	;# 
   790     0495                     	;# 
   791     0495                     	;# 
   792     0496                     	;# 
   793     0497                     	;# 
   794     0498                     	;# 
   795     0499                     	;# 
   796     049A                     	;# 
   797     049B                     	;# 
   798     049C                     	;# 
   799     049D                     	;# 
   800     050C                     	;# 
   801     050C                     	;# 
   802     050D                     	;# 
   803     050E                     	;# 
   804     050F                     	;# 
   805     050F                     	;# 
   806     0510                     	;# 
   807     0511                     	;# 
   808     0512                     	;# 
   809     0512                     	;# 
   810     0513                     	;# 
   811     0514                     	;# 
   812     0515                     	;# 
   813     0515                     	;# 
   814     0516                     	;# 
   815     0517                     	;# 
   816     0518                     	;# 
   817     0519                     	;# 
   818     051A                     	;# 
   819     051B                     	;# 
   820     051C                     	;# 
   821     051D                     	;# 
   822     058C                     	;# 
   823     058C                     	;# 
   824     058D                     	;# 
   825     058E                     	;# 
   826     058F                     	;# 
   827     058F                     	;# 
   828     0590                     	;# 
   829     0591                     	;# 
   830     0592                     	;# 
   831     0593                     	;# 
   832     060C                     	;# 
   833     060D                     	;# 
   834     060E                     	;# 
   835     060F                     	;# 
   836     0610                     	;# 
   837     0611                     	;# 
   838     0612                     	;# 
   839     0613                     	;# 
   840     0614                     	;# 
   841     0616                     	;# 
   842     0617                     	;# 
   843     0618                     	;# 
   844     0619                     	;# 
   845     061A                     	;# 
   846     061B                     	;# 
   847     061C                     	;# 
   848     061D                     	;# 
   849     061E                     	;# 
   850     068C                     	;# 
   851     068D                     	;# 
   852     068E                     	;# 
   853     068F                     	;# 
   854     0690                     	;# 
   855     0691                     	;# 
   856     0692                     	;# 
   857     0693                     	;# 
   858     0694                     	;# 
   859     070C                     	;# 
   860     070D                     	;# 
   861     070E                     	;# 
   862     070F                     	;# 
   863     0710                     	;# 
   864     0711                     	;# 
   865     0712                     	;# 
   866     0713                     	;# 
   867     0714                     	;# 
   868     0716                     	;# 
   869     0717                     	;# 
   870     0718                     	;# 
   871     0719                     	;# 
   872     071A                     	;# 
   873     071B                     	;# 
   874     071C                     	;# 
   875     071D                     	;# 
   876     071E                     	;# 
   877     0796                     	;# 
   878     0797                     	;# 
   879     0798                     	;# 
   880     0799                     	;# 
   881     079A                     	;# 
   882     079B                     	;# 
   883     080C                     	;# 
   884     080D                     	;# 
   885     080E                     	;# 
   886     080F                     	;# 
   887     0810                     	;# 
   888     0811                     	;# 
   889     0812                     	;# 
   890     0813                     	;# 
   891     0814                     	;# 
   892     081A                     	;# 
   893     081B                     	;# 
   894     081C                     	;# 
   895     081D                     	;# 
   896     081E                     	;# 
   897     081F                     	;# 
   898     088C                     	;# 
   899     088D                     	;# 
   900     088E                     	;# 
   901     088F                     	;# 
   902     0890                     	;# 
   903     0891                     	;# 
   904     0892                     	;# 
   905     0893                     	;# 
   906     0895                     	;# 
   907     0896                     	;# 
   908     0897                     	;# 
   909     0898                     	;# 
   910     0899                     	;# 
   911     089A                     	;# 
   912     089B                     	;# 
   913     090C                     	;# 
   914     090E                     	;# 
   915     090F                     	;# 
   916     091F                     	;# 
   917     098F                     	;# 
   918     098F                     	;# 
   919     0990                     	;# 
   920     0991                     	;# 
   921     0992                     	;# 
   922     0993                     	;# 
   923     0994                     	;# 
   924     0995                     	;# 
   925     0996                     	;# 
   926     0997                     	;# 
   927     0E0F                     	;# 
   928     0E10                     	;# 
   929     0E11                     	;# 
   930     0E12                     	;# 
   931     0E13                     	;# 
   932     0E14                     	;# 
   933     0E15                     	;# 
   934     0E16                     	;# 
   935     0E17                     	;# 
   936     0E18                     	;# 
   937     0E19                     	;# 
   938     0E1A                     	;# 
   939     0E1B                     	;# 
   940     0E1C                     	;# 
   941     0E1D                     	;# 
   942     0E1E                     	;# 
   943     0E1F                     	;# 
   944     0E20                     	;# 
   945     0E21                     	;# 
   946     0E22                     	;# 
   947     0E23                     	;# 
   948     0E24                     	;# 
   949     0E25                     	;# 
   950     0E26                     	;# 
   951     0E27                     	;# 
   952     0E28                     	;# 
   953     0E29                     	;# 
   954     0E2A                     	;# 
   955     0E2B                     	;# 
   956     0E2C                     	;# 
   957     0E2D                     	;# 
   958     0E2E                     	;# 
   959     0E2F                     	;# 
   960     0E30                     	;# 
   961     0E31                     	;# 
   962     0E32                     	;# 
   963     0E33                     	;# 
   964     0E34                     	;# 
   965     0E35                     	;# 
   966     0E36                     	;# 
   967     0E37                     	;# 
   968     0E8F                     	;# 
   969     0E90                     	;# 
   970     0E91                     	;# 
   971     0E92                     	;# 
   972     0E93                     	;# 
   973     0E94                     	;# 
   974     0E95                     	;# 
   975     0E96                     	;# 
   976     0E97                     	;# 
   977     0E9C                     	;# 
   978     0E9D                     	;# 
   979     0E9E                     	;# 
   980     0EA1                     	;# 
   981     0EA2                     	;# 
   982     0EA3                     	;# 
   983     0EA4                     	;# 
   984     0EA5                     	;# 
   985     0EA9                     	;# 
   986     0EAA                     	;# 
   987     0EAB                     	;# 
   988     0EAC                     	;# 
   989     0EB1                     	;# 
   990     0EB2                     	;# 
   991     0EB3                     	;# 
   992     0EB8                     	;# 
   993     0EB9                     	;# 
   994     0EBA                     	;# 
   995     0EBB                     	;# 
   996     0EBC                     	;# 
   997     0EBD                     	;# 
   998     0EBE                     	;# 
   999     0EC3                     	;# 
  1000     0EC5                     	;# 
  1001     0EC6                     	;# 
  1002     0EC7                     	;# 
  1003     0EC8                     	;# 
  1004     0EC9                     	;# 
  1005     0ECA                     	;# 
  1006     0ECB                     	;# 
  1007     0ECC                     	;# 
  1008     0F10                     	;# 
  1009     0F11                     	;# 
  1010     0F12                     	;# 
  1011     0F13                     	;# 
  1012     0F14                     	;# 
  1013     0F15                     	;# 
  1014     0F16                     	;# 
  1015     0F17                     	;# 
  1016     0F18                     	;# 
  1017     0F19                     	;# 
  1018     0F1A                     	;# 
  1019     0F1B                     	;# 
  1020     0F1C                     	;# 
  1021     0F1D                     	;# 
  1022     0F1E                     	;# 
  1023     0F1F                     	;# 
  1024     0F20                     	;# 
  1025     0F21                     	;# 
  1026     0F22                     	;# 
  1027     0F23                     	;# 
  1028     0F24                     	;# 
  1029     0F25                     	;# 
  1030     0F26                     	;# 
  1031     0F27                     	;# 
  1032     0F38                     	;# 
  1033     0F39                     	;# 
  1034     0F3A                     	;# 
  1035     0F3B                     	;# 
  1036     0F3C                     	;# 
  1037     0F3D                     	;# 
  1038     0F3E                     	;# 
  1039     0F3F                     	;# 
  1040     0F40                     	;# 
  1041     0F41                     	;# 
  1042     0F43                     	;# 
  1043     0F44                     	;# 
  1044     0F45                     	;# 
  1045     0F46                     	;# 
  1046     0F47                     	;# 
  1047     0F48                     	;# 
  1048     0F49                     	;# 
  1049     0F4A                     	;# 
  1050     0F4B                     	;# 
  1051     0F4C                     	;# 
  1052     0F4E                     	;# 
  1053     0F4F                     	;# 
  1054     0F50                     	;# 
  1055     0F51                     	;# 
  1056     0F52                     	;# 
  1057     0F53                     	;# 
  1058     0F54                     	;# 
  1059     0F55                     	;# 
  1060     0F56                     	;# 
  1061     0F57                     	;# 
  1062     0F65                     	;# 
  1063     0F68                     	;# 
  1064     0F69                     	;# 
  1065     0F6A                     	;# 
  1066     0F6B                     	;# 
  1067     0FE4                     	;# 
  1068     0FE5                     	;# 
  1069     0FE6                     	;# 
  1070     0FE7                     	;# 
  1071     0FE8                     	;# 
  1072     0FE9                     	;# 
  1073     0FEA                     	;# 
  1074     0FEB                     	;# 
  1075     0FED                     	;# 
  1076     0FEE                     	;# 
  1077     0FEF                     	;# 
  1078     000B                     _INTCONbits	set	11
  1079     001F                     _T0CON1	set	31
  1080     001E                     _T0CON0	set	30
  1081     0012                     _TRISB	set	18
  1082     000D                     _PORTBbits	set	13
  1083     001C                     _TMR0L	set	28
  1084     001D                     _TMR0H	set	29
  1085     0716                     _PIE0bits	set	1814
  1086     070C                     _PIR0bits	set	1804
  1087     0F43                     _ANSELB	set	3907
  1088                           
  1089                           	psect	cinit
  1090     001C                     start_initialization:	
  1091                           ; #config settings
  1092                           
  1093     001C                     __initialization:
  1094     001C                     end_of_initialization:	
  1095                           ;End of C runtime variable initialization code
  1096                           
  1097     001C                     __end_of__initialization:
  1098     001C  107E               	bcf	int$flags,0	;clear compiler interrupt flag (level 1)
  1099     001D  0020               	movlb	0
  1100     001E  3180  2820         	ljmp	_main	;jump to C main() function
  1101                           
  1102                           	psect	cstackCOMMON
  1103     0000                     __pcstackCOMMON:
  1104     0000                     ?_ISR:
  1105     0000                     ??_ISR:	
  1106                           ; 1 bytes @ 0x0
  1107                           
  1108     0000                     ?_main:	
  1109                           ; 1 bytes @ 0x0
  1110                           
  1111     0000                     ??_main:	
  1112                           ; 1 bytes @ 0x0
  1113                           
  1114                           
  1115                           	psect	maintext
  1116     0020                     __pmaintext:	
  1117                           ; 1 bytes @ 0x0
  1118 ;;
  1119 ;;Main: autosize = 0, tempsize = 0, incstack = 0, save=0
  1120 ;;
  1121 ;; *************** function _main *****************
  1122 ;; Defined at:
  1123 ;;		line 16 in file "lab2_C.c"
  1124 ;; Parameters:    Size  Location     Type
  1125 ;;		None
  1126 ;; Auto vars:     Size  Location     Type
  1127 ;;		None
  1128 ;; Return value:  Size  Location     Type
  1129 ;;                  1    wreg      void 
  1130 ;; Registers used:
  1131 ;;		wreg, status,2
  1132 ;; Tracked objects:
  1133 ;;		On entry : B1F/0
  1134 ;;		On exit  : 0/0
  1135 ;;		Unchanged: 0/0
  1136 ;; Data sizes:     COMMON   BANK0   BANK1   BANK2   BANK3   BANK4   BANK5   BANK6
  1137 ;;      Params:         0       0       0       0       0       0       0       0
  1138 ;;      Locals:         0       0       0       0       0       0       0       0
  1139 ;;      Temps:          0       0       0       0       0       0       0       0
  1140 ;;      Totals:         0       0       0       0       0       0       0       0
  1141 ;;Total ram usage:        0 bytes
  1142 ;; Hardware stack levels required when called: 1
  1143 ;; This function calls:
  1144 ;;		Nothing
  1145 ;; This function is called by:
  1146 ;;		Startup code after reset
  1147 ;; This function uses a non-reentrant model
  1148 ;;
  1149                           
  1150     0020                     _main:	
  1151                           ;psect for function _main
  1152                           
  1153     0020                     l649:	
  1154                           ;incstack = 0
  1155                           ; Regs used in _main: [wreg+status,2]
  1156                           
  1157                           
  1158                           ;lab2_C.c: 17:     ANSELB=0x0;
  1159     0020  003E               	movlb	30	; select bank30
  1160     0021  01C3               	clrf	67	;volatile
  1161                           
  1162                           ;lab2_C.c: 18:     TRISB=0x0;
  1163     0022  0020               	movlb	0	; select bank0
  1164     0023  0192               	clrf	18	;volatile
  1165     0024                     l651:
  1166                           
  1167                           ;lab2_C.c: 19:     T0CON0=0b10010000;
  1168     0024  3090               	movlw	144
  1169     0025  009E               	movwf	30	;volatile
  1170     0026                     l653:
  1171                           
  1172                           ;lab2_C.c: 20:     T0CON1=0b10010000;
  1173     0026  3090               	movlw	144
  1174     0027  009F               	movwf	31	;volatile
  1175     0028                     l655:
  1176                           
  1177                           ;lab2_C.c: 21:     PIR0bits.TMR0IF=0;
  1178     0028  002E               	movlb	14	; select bank14
  1179     0029  128C               	bcf	12,5	;volatile
  1180     002A                     l657:
  1181                           
  1182                           ;lab2_C.c: 22:     INTCONbits.GIE=1;
  1183     002A  178B               	bsf	11,7	;volatile
  1184     002B                     l659:
  1185                           
  1186                           ;lab2_C.c: 23:     INTCONbits.PEIE=1;
  1187     002B  170B               	bsf	11,6	;volatile
  1188     002C                     l661:
  1189                           
  1190                           ;lab2_C.c: 24:     PIE0bits.TMR0IE=1;
  1191     002C  1696               	bsf	22,5	;volatile
  1192     002D                     l30:	
  1193                           ;lab2_C.c: 25:     while(1){
  1194                           
  1195     002D                     l31:	
  1196                           ;lab2_C.c: 26:     }
  1197                           
  1198     002D  282D               	goto	l30
  1199     002E  3180  281A         	ljmp	start
  1200     0030                     __end_of_main:
  1201                           
  1202                           	psect	intentry
  1203     0004                     __pintentry:	
  1204 ;; *************** function _ISR *****************
  1205 ;; Defined at:
  1206 ;;		line 10 in file "lab2_C.c"
  1207 ;; Parameters:    Size  Location     Type
  1208 ;;		None
  1209 ;; Auto vars:     Size  Location     Type
  1210 ;;		None
  1211 ;; Return value:  Size  Location     Type
  1212 ;;                  1    wreg      void 
  1213 ;; Registers used:
  1214 ;;		wreg, status,0
  1215 ;; Tracked objects:
  1216 ;;		On entry : 0/0
  1217 ;;		On exit  : 0/0
  1218 ;;		Unchanged: 0/0
  1219 ;; Data sizes:     COMMON   BANK0   BANK1   BANK2   BANK3   BANK4   BANK5   BANK6
  1220 ;;      Params:         0       0       0       0       0       0       0       0
  1221 ;;      Locals:         0       0       0       0       0       0       0       0
  1222 ;;      Temps:          0       0       0       0       0       0       0       0
  1223 ;;      Totals:         0       0       0       0       0       0       0       0
  1224 ;;Total ram usage:        0 bytes
  1225 ;; Hardware stack levels used: 1
  1226 ;; This function calls:
  1227 ;;		Nothing
  1228 ;; This function is called by:
  1229 ;;		Interrupt level 1
  1230 ;; This function uses a non-reentrant model
  1231 ;;
  1232                           
  1233     0004                     _ISR:
  1234                           
  1235                           ;incstack = 0
  1236     0004  147E               	bsf	int$flags,0	;set compiler interrupt flag (level 1)
  1237                           
  1238                           ; Regs used in _ISR: [wreg+status,0]
  1239     0005  3180               	pagesel	$
  1240     0006                     i1l643:
  1241                           
  1242                           ;lab2_C.c: 11:     PIR0bits.TMR0IF=0;
  1243     0006  002E               	movlb	14	; select bank14
  1244     0007  128C               	bcf	12,5	;volatile
  1245     0008                     i1l645:
  1246                           
  1247                           ;lab2_C.c: 12:     TMR0H=0xc3;
  1248     0008  30C3               	movlw	195
  1249     0009  0020               	movlb	0	; select bank0
  1250     000A  009D               	movwf	29	;volatile
  1251                           
  1252                           ;lab2_C.c: 13:     TMR0L=0x74;
  1253     000B  3074               	movlw	116
  1254     000C  009C               	movwf	28	;volatile
  1255     000D                     i1l647:
  1256                           
  1257                           ;lab2_C.c: 14:     PORTBbits.RB7=PORTBbits.RB7==1?0:1;
  1258     000D  1003               	clrc
  1259     000E  1F8D               	btfss	13,7	;volatile
  1260     000F  1403               	setc
  1261     0010  1803               	btfsc	3,0
  1262     0011  2813               	goto	u1_21
  1263     0012  2816               	goto	u1_20
  1264     0013                     u1_21:
  1265     0013  0020               	movlb	0	; select bank0
  1266     0014  178D               	bsf	13,7	;volatile
  1267     0015  2818               	goto	u2_24
  1268     0016                     u1_20:
  1269     0016  0020               	movlb	0	; select bank0
  1270     0017  138D               	bcf	13,7	;volatile
  1271     0018                     u2_24:
  1272     0018                     i1l25:
  1273     0018  107E               	bcf	int$flags,0	;clear compiler interrupt flag (level 1)
  1274     0019  0009               	retfie
  1275     001A                     __end_of_ISR:
  1276     007E                     btemp	set	126	;btemp
  1277     007E                     int$flags	set	126
  1278     007E                     wtemp0	set	126

Data Sizes:
    Strings     0
    Constant    0
    Data        0
    BSS         0
    Persistent  32
    Stack       0

Auto Spaces:
    Space          Size  Autos    Used
    COMMON           14      0       0
    BANK0            80      0       0
    BANK1            80      0       0
    BANK2            80      0       0
    BANK3            80      0       0
    BANK4            80      0       0
    BANK5            80      0       0
    BANK6            16      0       0

Pointer List with Targets:

    None.

Critical Paths under _main in COMMON

    None.

Critical Paths under _ISR in COMMON

    None.

Critical Paths under _main in BANK0

    None.

Critical Paths under _ISR in BANK0

    None.

Critical Paths under _main in BANK1

    None.

Critical Paths under _ISR in BANK1

    None.

Critical Paths under _main in BANK2

    None.

Critical Paths under _ISR in BANK2

    None.

Critical Paths under _main in BANK3

    None.

Critical Paths under _ISR in BANK3

    None.

Critical Paths under _main in BANK4

    None.

Critical Paths under _ISR in BANK4

    None.

Critical Paths under _main in BANK5

    None.

Critical Paths under _ISR in BANK5

    None.

Critical Paths under _main in BANK6

    None.

Critical Paths under _ISR in BANK6

    None.

Call Graph Tables:

 ---------------------------------------------------------------------------------
 (Depth) Function   	        Calls       Base Space   Used Autos Params    Refs
 ---------------------------------------------------------------------------------
 (0) _main                                                 0     0      0       0
 ---------------------------------------------------------------------------------
 Estimated maximum stack depth 0
 ---------------------------------------------------------------------------------
 (Depth) Function   	        Calls       Base Space   Used Autos Params    Refs
 ---------------------------------------------------------------------------------
 (1) _ISR                                                  0     0      0       0
 ---------------------------------------------------------------------------------
 Estimated maximum stack depth 1
 ---------------------------------------------------------------------------------

 Call Graph Graphs:

 _main (ROOT)

 _ISR (ROOT)

 Address spaces:
Name               Size   Autos  Total    Cost      Usage
BIGRAM             1F0      0       0       0        0.0%
EEDATA             100      0       0       0        0.0%
NULL                 0      0       0       0        0.0%
CODE                 0      0       0       0        0.0%
BITCOMMON            E      0       0       1        0.0%
BITSFR0              0      0       0       1        0.0%
SFR0                 0      0       0       1        0.0%
COMMON               E      0       0       2        0.0%
BITSFR1              0      0       0       2        0.0%
SFR1                 0      0       0       2        0.0%
BITSFR2              0      0       0       3        0.0%
SFR2                 0      0       0       3        0.0%
STACK                0      0       0       3        0.0%
BITSFR3              0      0       0       4        0.0%
SFR3                 0      0       0       4        0.0%
ABS                  0      0       0       4        0.0%
BITBANK0            50      0       0       5        0.0%
BITSFR4              0      0       0       5        0.0%
SFR4                 0      0       0       5        0.0%
BANK0               50      0       0       6        0.0%
BITSFR5              0      0       0       6        0.0%
SFR5                 0      0       0       6        0.0%
BITBANK1            50      0       0       7        0.0%
BITSFR6              0      0       0       7        0.0%
SFR6                 0      0       0       7        0.0%
BANK1               50      0       0       8        0.0%
BITSFR7              0      0       0       8        0.0%
SFR7                 0      0       0       8        0.0%
BITBANK2            50      0       0       9        0.0%
BITSFR8              0      0       0       9        0.0%
SFR8                 0      0       0       9        0.0%
BANK2               50      0       0      10        0.0%
BITSFR9              0      0       0      10        0.0%
SFR9                 0      0       0      10        0.0%
BITBANK3            50      0       0      11        0.0%
BITSFR10             0      0       0      11        0.0%
SFR10                0      0       0      11        0.0%
BANK3               50      0       0      12        0.0%
BITSFR11             0      0       0      12        0.0%
SFR11                0      0       0      12        0.0%
BITBANK4            50      0       0      13        0.0%
BITSFR12             0      0       0      13        0.0%
SFR12                0      0       0      13        0.0%
BANK4               50      0       0      14        0.0%
BITSFR13             0      0       0      14        0.0%
SFR13                0      0       0      14        0.0%
BITBANK5            50      0       0      15        0.0%
BITSFR14             0      0       0      15        0.0%
SFR14                0      0       0      15        0.0%
BANK5               50      0       0      16        0.0%
BITSFR15             0      0       0      16        0.0%
SFR15                0      0       0      16        0.0%
BITBANK6            10      0       0      17        0.0%
BITSFR16             0      0       0      17        0.0%
SFR16                0      0       0      17        0.0%
BANK6               10      0       0      18        0.0%
BITSFR17             0      0       0      18        0.0%
SFR17                0      0       0      18        0.0%
BITSFR18             0      0       0      19        0.0%
SFR18                0      0       0      19        0.0%
DATA                 0      0       0      19        0.0%
BITSFR19             0      0       0      20        0.0%
SFR19                0      0       0      20        0.0%
BITSFR20             0      0       0      21        0.0%
SFR20                0      0       0      21        0.0%
BITSFR21             0      0       0      22        0.0%
SFR21                0      0       0      22        0.0%
BITSFR22             0      0       0      23        0.0%
SFR22                0      0       0      23        0.0%
BITSFR23             0      0       0      24        0.0%
SFR23                0      0       0      24        0.0%
BITSFR24             0      0       0      25        0.0%
SFR24                0      0       0      25        0.0%
BITSFR25             0      0       0      26        0.0%
SFR25                0      0       0      26        0.0%
BITSFR26             0      0       0      27        0.0%
SFR26                0      0       0      27        0.0%
BITSFR27             0      0       0      28        0.0%
SFR27                0      0       0      28        0.0%
BITSFR28             0      0       0      29        0.0%
SFR28                0      0       0      29        0.0%
BITSFR29             0      0       0      30        0.0%
SFR29                0      0       0      30        0.0%
BITSFR30             0      0       0      31        0.0%
SFR30                0      0       0      31        0.0%
BITSFR31             0      0       0      32        0.0%
SFR31                0      0       0      32        0.0%


Microchip Technology PIC Macro Assembler V2.41 build 20230208172133 
Symbol Table                                                                                   Sat Jul 15 19:31:07 2023

                     l30 002D                       l31 002D                      l651 0024  
                    l661 002C                      l653 0026                      l655 0028  
                    l657 002A                      l649 0020                      l659 002B  
                    _ISR 0004                     ?_ISR 0000                     i1l25 0018  
                   u1_20 0016                     u1_21 0013                     u2_24 0018  
                   _main 0020                     btemp 007E                     start 001A  
                  ??_ISR 0000                    ?_main 0000                    i1l643 0006  
                  i1l645 0008                    i1l647 000D                    _TMR0H 001D  
                  _TMR0L 001C                    _TRISB 0012                    status 0003  
                  wtemp0 007E          __initialization 001C             __end_of_main 0030  
                 ??_main 0000                   _ANSELB 0F43                   _T0CON0 001E  
                 _T0CON1 001F  __end_of__initialization 001C           __pcstackCOMMON 0000  
             __pmaintext 0020               __pintentry 0004     end_of_initialization 001C  
              _PORTBbits 000D      start_initialization 001C              __end_of_ISR 001A  
              ___latbits 0001                 _PIE0bits 0716                 _PIR0bits 070C  
               int$flags 007E               _INTCONbits 000B                 intlevel1 0000  
